<?xml version="1.0" encoding="UTF-8"?>
<testsuites tests="66" failures="2" errors="0" time="225.930987">
	<testsuite tests="0" failures="0" time="0.000000" name="github.com/buildkite/terraform-provider-buildkite" timestamp="2023-08-30T11:03:32+10:00">
		<properties>
			<property name="go.version" value="go1.20.3 darwin/arm64"></property>
		</properties>
	</testsuite>
	<testsuite tests="61" failures="2" time="223.460000" name="github.com/buildkite/terraform-provider-buildkite/buildkite" timestamp="2023-08-30T11:03:32+10:00">
		<properties>
			<property name="go.version" value="go1.20.3 darwin/arm64"></property>
		</properties>
		<testcase classname="github.com/buildkite/terraform-provider-buildkite/buildkite" name="TestAccBuildkiteTestSuite/Creates_a_Test_Suite" time="2.640000">
			<failure message="Failed" type="">=== RUN   TestAccBuildkiteTestSuite/Creates_a_Test_Suite&#xA;=== PAUSE TestAccBuildkiteTestSuite/Creates_a_Test_Suite&#xA;=== CONT  TestAccBuildkiteTestSuite/Creates_a_Test_Suite&#xA;    resource_test_suite_test.go:95: Step 1/1 error: Error running apply: exit status 1&#xA;        &#xA;        Error: Unable to create team.&#xA;        &#xA;          with buildkite_team.team,&#xA;          on terraform_plugin_test.tf line 2, in resource &#34;buildkite_team&#34; &#34;team&#34;:&#xA;           2: &#x9;&#x9;resource &#34;buildkite_team&#34; &#34;team&#34; {&#xA;        &#xA;        Unable to create team: input: This name is already being used by another team&#xA;        input: has already been taken&#xA;        &#xA;    testing_new.go:88: Error running post-test destroy, there may be dangling resources: exit status 1&#xA;        &#xA;        Error: Unable to delete Team&#xA;        &#xA;        Unable to delete Team: input: No ID was supplied&#xA;        &#xA;--- FAIL: TestAccBuildkiteTestSuite/Creates_a_Test_Suite (2.64s)&#xA;</failure>
		</testcase>
		<testcase classname="github.com/buildkite/terraform-provider-buildkite/buildkite" name="TestAccBuildkiteTestSuite" time="0.000000">
			<failure message="Failed" type="">=== RUN   TestAccBuildkiteTestSuite&#xA;--- FAIL: TestAccBuildkiteTestSuite (0.00s)&#xA;</failure>
		</testcase>
		<testcase classname="github.com/buildkite/terraform-provider-buildkite/buildkite" name="TestAccBuildkiteClusterDatasource/errors_if_cannot_find_cluster" time="1.720000"></testcase>
		<testcase classname="github.com/buildkite/terraform-provider-buildkite/buildkite" name="TestAccBuildkiteClusterDatasource/timeout_reading_cluster" time="7.680000"></testcase>
		<testcase classname="github.com/buildkite/terraform-provider-buildkite/buildkite" name="TestAccBuildkiteClusterDatasource/can_find_a_cluster" time="7.690000"></testcase>
		<testcase classname="github.com/buildkite/terraform-provider-buildkite/buildkite" name="TestAccBuildkiteClusterDatasource" time="0.000000"></testcase>
		<testcase classname="github.com/buildkite/terraform-provider-buildkite/buildkite" name="TestAccDataMeta_read" time="4.540000"></testcase>
		<testcase classname="github.com/buildkite/terraform-provider-buildkite/buildkite" name="TestAccBuildkiteOrganizationDatasource/organization_data_source_can_be_loaded_with_defaults" time="3.980000"></testcase>
		<testcase classname="github.com/buildkite/terraform-provider-buildkite/buildkite" name="TestAccBuildkiteOrganizationDatasource" time="0.000000"></testcase>
		<testcase classname="github.com/buildkite/terraform-provider-buildkite/buildkite" name="TestAccBuildkitePipelineDataSource/pipeline_datasource_can_be_loaded_from_slug" time="7.030000"></testcase>
		<testcase classname="github.com/buildkite/terraform-provider-buildkite/buildkite" name="TestAccBuildkitePipelineDataSource" time="0.000000"></testcase>
		<testcase classname="github.com/buildkite/terraform-provider-buildkite/buildkite" name="TestAccClusterQueue_add_remove" time="6.680000"></testcase>
		<testcase classname="github.com/buildkite/terraform-provider-buildkite/buildkite" name="TestAccClusterQueue_update" time="8.990000"></testcase>
		<testcase classname="github.com/buildkite/terraform-provider-buildkite/buildkite" name="TestAccClusterQueue_import" time="5.870000"></testcase>
		<testcase classname="github.com/buildkite/terraform-provider-buildkite/buildkite" name="TestAccBuildkiteCluster/Creates_a_Cluster_with_basic_settings" time="5.050000"></testcase>
		<testcase classname="github.com/buildkite/terraform-provider-buildkite/buildkite" name="TestAccBuildkiteCluster/Imports_a_Cluster" time="5.930000"></testcase>
		<testcase classname="github.com/buildkite/terraform-provider-buildkite/buildkite" name="TestAccBuildkiteCluster/Creates_a_Cluster_with_complex_settings" time="6.250000"></testcase>
		<testcase classname="github.com/buildkite/terraform-provider-buildkite/buildkite" name="TestAccBuildkiteCluster/Updates_a_Cluster_using_complex_settings" time="8.690000"></testcase>
		<testcase classname="github.com/buildkite/terraform-provider-buildkite/buildkite" name="TestAccBuildkiteCluster" time="0.000000"></testcase>
		<testcase classname="github.com/buildkite/terraform-provider-buildkite/buildkite" name="TestAccOrganization_create" time="5.240000"></testcase>
		<testcase classname="github.com/buildkite/terraform-provider-buildkite/buildkite" name="TestAccOrganization_update" time="8.560000"></testcase>
		<testcase classname="github.com/buildkite/terraform-provider-buildkite/buildkite" name="TestAccOrganization_import" time="6.310000"></testcase>
		<testcase classname="github.com/buildkite/terraform-provider-buildkite/buildkite" name="TestAccBuildkitePipelineSchedule/pipeline_schedule_can_be_created" time="8.520000"></testcase>
		<testcase classname="github.com/buildkite/terraform-provider-buildkite/buildkite" name="TestAccBuildkitePipelineSchedule/pipeline_schedule_can_be_updated" time="13.100000"></testcase>
		<testcase classname="github.com/buildkite/terraform-provider-buildkite/buildkite" name="TestAccBuildkitePipelineSchedule" time="0.000000"></testcase>
		<testcase classname="github.com/buildkite/terraform-provider-buildkite/buildkite" name="TestAccBuildkitePipelineTeam/pipeline_team_can_be_created" time="8.580000"></testcase>
		<testcase classname="github.com/buildkite/terraform-provider-buildkite/buildkite" name="TestAccBuildkitePipelineTeam/pipeline_team_can_be_updated" time="15.310000"></testcase>
		<testcase classname="github.com/buildkite/terraform-provider-buildkite/buildkite" name="TestAccBuildkitePipelineTeam" time="0.000000"></testcase>
		<testcase classname="github.com/buildkite/terraform-provider-buildkite/buildkite" name="TestAccBuildkitePipeline/pipeline_is_recreated_if_removed" time="5.380000"></testcase>
		<testcase classname="github.com/buildkite/terraform-provider-buildkite/buildkite" name="TestAccBuildkitePipeline/create_pipeline_with_empty_attributes" time="7.360000"></testcase>
		<testcase classname="github.com/buildkite/terraform-provider-buildkite/buildkite" name="TestAccBuildkitePipeline/pipeline_can_be_deleted" time="8.070000"></testcase>
		<testcase classname="github.com/buildkite/terraform-provider-buildkite/buildkite" name="TestAccBuildkitePipeline/pipeline_with_cluster_can_be_deleted" time="9.490000"></testcase>
		<testcase classname="github.com/buildkite/terraform-provider-buildkite/buildkite" name="TestAccBuildkitePipeline/create_pipeline_with_only_required_attributes" time="10.140000"></testcase>
		<testcase classname="github.com/buildkite/terraform-provider-buildkite/buildkite" name="TestAccBuildkitePipeline/create_pipeline_setting_all_attributes" time="10.280000"></testcase>
		<testcase classname="github.com/buildkite/terraform-provider-buildkite/buildkite" name="TestAccBuildkitePipeline/team_access_changed_in_api_causes_terraform_to_update" time="11.220000"></testcase>
		<testcase classname="github.com/buildkite/terraform-provider-buildkite/buildkite" name="TestAccBuildkitePipeline/team_removed_in_api_causes_terraform_to_update" time="11.230000"></testcase>
		<testcase classname="github.com/buildkite/terraform-provider-buildkite/buildkite" name="TestAccBuildkitePipeline/team_added_to_pipeline_is_ignored" time="8.250000"></testcase>
		<testcase classname="github.com/buildkite/terraform-provider-buildkite/buildkite" name="TestAccBuildkitePipeline/update_pipeline_setting_all_attributes" time="14.920000"></testcase>
		<testcase classname="github.com/buildkite/terraform-provider-buildkite/buildkite" name="TestAccBuildkitePipeline/updating_provider_maintains_teams" time="36.860000"></testcase>
		<testcase classname="github.com/buildkite/terraform-provider-buildkite/buildkite" name="TestAccBuildkitePipeline" time="0.000000"></testcase>
		<testcase classname="github.com/buildkite/terraform-provider-buildkite/buildkite" name="TestAccTeamMember_add_remove" time="6.680000"></testcase>
		<testcase classname="github.com/buildkite/terraform-provider-buildkite/buildkite" name="TestAccTeamMember_add_remove_non_default_role" time="8.420000"></testcase>
		<testcase classname="github.com/buildkite/terraform-provider-buildkite/buildkite" name="TestAccTeamMember_update" time="11.600000"></testcase>
		<testcase classname="github.com/buildkite/terraform-provider-buildkite/buildkite" name="TestAccTeamMember_import" time="7.060000"></testcase>
		<testcase classname="github.com/buildkite/terraform-provider-buildkite/buildkite" name="TestAccTestSuiteTeam_import" time="10.830000"></testcase>
		<testcase classname="github.com/buildkite/terraform-provider-buildkite/buildkite" name="TestAccTestSuiteTeam_disappears" time="9.510000"></testcase>
		<testcase classname="github.com/buildkite/terraform-provider-buildkite/buildkite" name="TestAccBuildkiteTestSuite/Creates_and_handles_Test_Suite_Team_owner_resolution" time="12.440000"></testcase>
		<testcase classname="github.com/buildkite/terraform-provider-buildkite/buildkite" name="TestAccBuildkiteTestSuite/Updates_a_Test_Suite" time="13.410000"></testcase>
		<testcase classname="github.com/buildkite/terraform-provider-buildkite/buildkite" name="TestGetOrganizationIDMissing" time="0.290000"></testcase>
		<testcase classname="github.com/buildkite/terraform-provider-buildkite/buildkite" name="TestAccTeam_Import" time="5.750000"></testcase>
		<testcase classname="github.com/buildkite/terraform-provider-buildkite/buildkite" name="TestAccDataTeam_ReadUsingID" time="5.810000"></testcase>
		<testcase classname="github.com/buildkite/terraform-provider-buildkite/buildkite" name="TestAccAgentToken_add_remove" time="6.010000"></testcase>
		<testcase classname="github.com/buildkite/terraform-provider-buildkite/buildkite" name="TestAccDataTeam_ReadUsingSlug" time="6.180000"></testcase>
		<testcase classname="github.com/buildkite/terraform-provider-buildkite/buildkite" name="TestAccClusterAgentToken_add_remove" time="6.210000"></testcase>
		<testcase classname="github.com/buildkite/terraform-provider-buildkite/buildkite" name="TestAccTeam_AddRemove" time="6.830000"></testcase>
		<testcase classname="github.com/buildkite/terraform-provider-buildkite/buildkite" name="TestAccDataTeam_ReadUsingIDAndSlug" time="2.700000"></testcase>
		<testcase classname="github.com/buildkite/terraform-provider-buildkite/buildkite" name="TestAccClusterAgentToken_update" time="9.420000"></testcase>
		<testcase classname="github.com/buildkite/terraform-provider-buildkite/buildkite" name="TestAccTestSuiteTeam_add_remove" time="9.440000"></testcase>
		<testcase classname="github.com/buildkite/terraform-provider-buildkite/buildkite" name="TestAccTeam_Update" time="12.420000"></testcase>
		<testcase classname="github.com/buildkite/terraform-provider-buildkite/buildkite" name="TestAccAgentToken_update" time="9.620000"></testcase>
		<testcase classname="github.com/buildkite/terraform-provider-buildkite/buildkite" name="TestAccTestSuiteTeam_update" time="15.700000"></testcase>
	</testsuite>
	<testsuite tests="5" failures="0" time="0.335000" name="github.com/buildkite/terraform-provider-buildkite/internal/planmodifier" timestamp="2023-08-30T11:03:32+10:00">
		<properties>
			<property name="go.version" value="go1.20.3 darwin/arm64"></property>
		</properties>
		<testcase classname="github.com/buildkite/terraform-provider-buildkite/internal/planmodifier" name="TestUseStateIfUnchangedModifier/null-state" time="0.000000"></testcase>
		<testcase classname="github.com/buildkite/terraform-provider-buildkite/internal/planmodifier" name="TestUseStateIfUnchangedModifier/non-null-state-same-plan" time="0.000000"></testcase>
		<testcase classname="github.com/buildkite/terraform-provider-buildkite/internal/planmodifier" name="TestUseStateIfUnchangedModifier/known-plan" time="0.000000"></testcase>
		<testcase classname="github.com/buildkite/terraform-provider-buildkite/internal/planmodifier" name="TestUseStateIfUnchangedModifier/non-null-state-different-plan" time="0.000000"></testcase>
		<testcase classname="github.com/buildkite/terraform-provider-buildkite/internal/planmodifier" name="TestUseStateIfUnchangedModifier" time="0.000000"></testcase>
	</testsuite>
</testsuites>